[2021-11-08 00:01:57] local.ERROR: Required parameter $outputLog follows optional parameter $status {"exception":"[object] (ErrorException(code: 0): Required parameter $outputLog follows optional parameter $status at D:\\WORK\\Booking system\\awebooking\\vendor\achidlaasri\\laravel-installer\\src\\Helpers\\DatabaseManager.php:72)
[stacktrace]
#0 D:\\WORK\\Booking system\\awebooking\\vendor\\composer\\ClassLoader.php(444): Illuminate\\Foundation\\Bootstrap\\HandleExceptions->handleError(8192, 'Required parame...', 'D:\\\\WORK\\\\Booking...', 72)
#1 D:\\WORK\\Booking system\\awebooking\\vendor\\composer\\ClassLoader.php(444): include()
#2 D:\\WORK\\Booking system\\awebooking\\vendor\\composer\\ClassLoader.php(322): Composer\\Autoload\\includeFile('D:\\\\WORK\\\\Booking...')
#3 [internal function]: Composer\\Autoload\\ClassLoader->loadClass('RachidLaasri\\\\La...')
#4 D:\\WORK\\Booking system\\awebooking\\vendor\\laravel\\framework\\src\\Illuminate\\Container\\Container.php(809): ReflectionClass->__construct('RachidLaasri\\\\La...')
#5 D:\\WORK\\Booking system\\awebooking\\vendor\\laravel\\framework\\src\\Illuminate\\Container\\Container.php(691): Illuminate\\Container\\Container->build('RachidLaasri\\\\La...')
#6 D:\\WORK\\Booking system\\awebooking\\vendor\\laravel\\framework\\src\\Illuminate\\Foundation\\Application.php(796): Illuminate\\Container\\Container->resolve('RachidLaasri\\\\La...', Array, true)
#7 D:\\WORK\\Booking system\\awebooking\\vendor\\laravel\\framework\\src\\Illuminate\\Container\\Container.php(637): Illuminate\\Foundation\\Application->resolve('RachidLaasri\\\\La...', Array)
#8 D:\\WORK\\Booking system\\awebooking\\vendor\\laravel\\framework\\src\\Illuminate\\Foundation\\Application.php(781): Illuminate\\Container\\Container->make('RachidLaasri\\\\La...', Array)
#9 D:\\WORK\\Booking system\\awebooking\\vendor\\laravel\\framework\\src\\Illuminate\\Container\\Container.php(959): Illuminate\\Foundation\\Application->make('RachidLaasri\\\\La...')
#10 D:\\WORK\\Booking system\\awebooking\\vendor\\laravel\\framework\\src\\Illuminate\\Container\\Container.php(879): Illuminate\\Container\\Container->resolveClass(Object(ReflectionParameter))
#11 D:\\WORK\\Booking system\\awebooking\\vendor\\laravel\\framework\\src\\Illuminate\\Container\\Container.php(840): Illuminate\\Container\\Container->resolveDependencies(Array)
#12 D:\\WORK\\Booking system\\awebooking\\vendor\\laravel\\framework\\src\\Illuminate\\Container\\Container.php(691): Illuminate\\Container\\Container->build('RachidLaasri\\\\La...')
#13 D:\\WORK\\Booking system\\awebooking\\vendor\\laravel\\framework\\src\\Illuminate\\Foundation\\Application.php(796): Illuminate\\Container\\Container->resolve('RachidLaasri\\\\La...', Array, true)
#14 D:\\WORK\\Booking system\\awebooking\\vendor\\laravel\\framework\\src\\Illuminate\\Container\\Container.php(637): Illuminate\\Foundation\\Application->resolve('RachidLaasri\\\\La...', Array)
#15 D:\\WORK\\Booking system\\awebooking\\vendor\\laravel\\framework\\src\\Illuminate\\Foundation\\Application.php(781): Illuminate\\Container\\Container->make('RachidLaasri\\\\La...', Array)
#16 D:\\WORK\\Booking system\\awebooking\\app\\Http\\Router\\CustomRouter.php(20): Illuminate\\Foundation\\Application->make('RachidLaasri\\\\La...')
#17 D:\\WORK\\Booking system\\awebooking\\vendor\\laravel\\framework\\src\\Illuminate\\Routing\\Route.php(970): App\\Http\\Router\\CustomRouter->getController()
#18 D:\\WORK\\Booking system\\awebooking\\vendor\\laravel\\framework\\src\\Illuminate\\Routing\\Route.php(931): Illuminate\\Routing\\Route->controllerMiddleware()
#19 D:\\WORK\\Booking system\\awebooking\\vendor\\laravel\\framework\\src\\Illuminate\\Routing\\Router.php(702): Illuminate\\Routing\\Route->gatherMiddleware()
#20 D:\\WORK\\Booking system\\awebooking\\vendor\\laravel\\framework\\src\\Illuminate\\Routing\\Router.php(678): Illuminate\\Routing\\Router->gatherRouteMiddleware(Object(App\\Http\\Router\\CustomRouter))
#21 D:\\WORK\\Booking system\\awebooking\\vendor\\laravel\\framework\\src\\Illuminate\\Routing\\Router.php(662): Illuminate\\Routing\\Router->runRouteWithinStack(Object(App\\Http\\Router\\CustomRouter), Object(Illuminate\\Http\\Request))
#22 D:\\WORK\\Booking system\\awebooking\\vendor\\laravel\\framework\\src\\Illuminate\\Routing\\Router.php(628): Illuminate\\Routing\\Router->runRoute(Object(Illuminate\\Http\\Request), Object(App\\Http\\Router\\CustomRouter))
#23 D:\\WORK\\Booking system\\awebooking\\vendor\\laravel\\framework\\src\\Illuminate\\Routing\\Router.php(617): Illuminate\\Routing\\Router->dispatchToRoute(Object(Illuminate\\Http\\Request))
#24 D:\\WORK\\Booking system\\awebooking\\vendor\\laravel\\framework\\src\\Illuminate\\Foundation\\Http\\Kernel.php(165): Illuminate\\Routing\\Router->dispatch(Object(Illuminate\\Http\\Request))
#25 D:\\WORK\\Booking system\\awebooking\\vendor\\laravel\\framework\\src\\Illuminate\\Pipeline\\Pipeline.php(128): Illuminate\\Foundation\\Http\\Kernel->Illuminate\\Foundation\\Http\\{closure}(Object(Illuminate\\Http\\Request))
#26 D:\\WORK\\Booking system\\awebooking\\app\\Http\\Middleware\\AweMiddleware.php(39): Illuminate\\Pipeline\\Pipeline->Illuminate\\Pipeline\\{closure}(Object(Illuminate\\Http\\Request))
#27 D:\\WORK\\Booking system\\awebooking\\vendor\\laravel\\framework\\src\\Illuminate\\Pipeline\\Pipeline.php(167): App\\Http\\Middleware\\AweMiddleware->handle(Object(Illuminate\\Http\\Request), Object(Closure))
#28 D:\\WORK\\Booking system\\awebooking\\vendor\\laravel\\framework\\src\\Illuminate\\View\\Middleware\\ShareErrorsFromSession.php(49): Illuminate\\Pipeline\\Pipeline->Illuminate\\Pipeline\\{closure}(Object(Illuminate\\Http\\Request))
#29 D:\\WORK\\Booking system\\awebooking\\vendor\\laravel\\framework\\src\\Illuminate\\Pipeline\\Pipeline.php(167): Illuminate\\View\\Middleware\\ShareErrorsFromSession->handle(Object(Illuminate\\Http\\Request), Object(Closure))
#30 D:\\WORK\\Booking system\\awebooking\\vendor\\laravel\\framework\\src\\Illuminate\\Session\\Middleware\\StartSession.php(116): Illuminate\\Pipeline\\Pipeline->Illuminate\\Pipeline\\{closure}(Object(Illuminate\\Http\\Request))
#31 D:\\WORK\\Booking system\\awebooking\\vendor\\laravel\\framework\\src\\Illuminate\\Session\\Middleware\\StartSession.php(62): Illuminate\\Session\\Middleware\\StartSession->handleStatefulRequest(Object(Illuminate\\Http\\Request), Object(Illuminate\\Session\\Store), Object(Closure))
#32 D:\\WORK\\Booking system\\awebooking\\vendor\\laravel\\framework\\src\\Illuminate\\Pipeline\\Pipeline.php(167): Illuminate\\Session\\Middleware\\StartSession->handle(Object(Illuminate\\Http\\Request), Object(Closure))
#33 D:\\WORK\\Booking system\\awebooking\\vendor\\fideloper\\proxy\\src\\TrustProxies.php(57): Illuminate\\Pipeline\\Pipeline->Illuminate\\Pipeline\\{closure}(Object(Illuminate\\Http\\Request))
#34 D:\\WORK\\Booking system\\awebooking\\vendor\\laravel\\framework\\src\\Illuminate\\Pipeline\\Pipeline.php(167): Fideloper\\Proxy\\TrustProxies->handle(Object(Illuminate\\Http\\Request), Object(Closure))
#35 D:\\WORK\\Booking system\\awebooking\\vendor\\laravel\\framework\\src\\Illuminate\\Foundation\\Http\\Middleware\\TransformsRequest.php(21): Illuminate\\Pipeline\\Pipeline->Illuminate\\Pipeline\\{closure}(Object(Illuminate\\Http\\Request))
#36 D:\\WORK\\Booking system\\awebooking\\vendor\\laravel\\framework\\src\\Illuminate\\Pipeline\\Pipeline.php(167): Illuminate\\Foundation\\Http\\Middleware\\TransformsRequest->handle(Object(Illuminate\\Http\\Request), Object(Closure))
#37 D:\\WORK\\Booking system\\awebooking\\vendor\\laravel\\framework\\src\\Illuminate\\Foundation\\Http\\Middleware\\TransformsRequest.php(21): Illuminate\\Pipeline\\Pipeline->Illuminate\\Pipeline\\{closure}(Object(Illuminate\\Http\\Request))
#38 D:\\WORK\\Booking system\\awebooking\\vendor\\laravel\\framework\\src\\Illuminate\\Pipeline\\Pipeline.php(167): Illuminate\\Foundation\\Http\\Middleware\\TransformsRequest->handle(Object(Illuminate\\Http\\Request), Object(Closure))
#39 D:\\WORK\\Booking system\\awebooking\\vendor\\laravel\\framework\\src\\Illuminate\\Foundation\\Http\\Middleware\\ValidatePostSize.php(27): Illuminate\\Pipeline\\Pipeline->Illuminate\\Pipeline\\{closure}(Object(Illuminate\\Http\\Request))
#40 D:\\WORK\\Booking system\\awebooking\\vendor\\laravel\\framework\\src\\Illuminate\\Pipeline\\Pipeline.php(167): Illuminate\\Foundation\\Http\\Middleware\\ValidatePostSize->handle(Object(Illuminate\\Http\\Request), Object(Closure))
#41 D:\\WORK\\Booking system\\awebooking\\app\\Http\\Middleware\\CheckForMaintenanceMode.php(43): Illuminate\\Pipeline\\Pipeline->Illuminate\\Pipeline\\{closure}(Object(Illuminate\\Http\\Request))
#42 D:\\WORK\\Booking system\\awebooking\\vendor\\laravel\\framework\\src\\Illuminate\\Pipeline\\Pipeline.php(167): App\\Http\\Middleware\\CheckForMaintenanceMode->handle(Object(Illuminate\\Http\\Request), Object(Closure))
#43 D:\\WORK\\Booking system\\awebooking\\vendor\\laravel\\framework\\src\\Illuminate\\Pipeline\\Pipeline.php(103): Illuminate\\Pipeline\\Pipeline->Illuminate\\Pipeline\\{closure}(Object(Illuminate\\Http\\Request))
#44 D:\\WORK\\Booking system\\awebooking\\vendor\\laravel\\framework\\src\\Illuminate\\Foundation\\Http\\Kernel.php(140): Illuminate\\Pipeline\\Pipeline->then(Object(Closure))
#45 D:\\WORK\\Booking system\\awebooking\\vendor\\laravel\\framework\\src\\Illuminate\\Foundation\\Http\\Kernel.php(109): Illuminate\\Foundation\\Http\\Kernel->sendRequestThroughRouter(Object(Illuminate\\Http\\Request))
#46 D:\\WORK\\Booking system\\awebooking\\public\\index.php(55): Illuminate\\Foundation\\Http\\Kernel->handle(Object(Illuminate\\Http\\Request))
#47 D:\\WORK\\Booking system\\awebooking\\server.php(21): require_once('D:\\\\WORK\\\\Booking...')
#48 {main}
"} 
